25-12-09 20:28:13 [background-preinit] INFO  o.h.validator.internal.util.Version -HV000001: Hibernate Validator 8.0.3.Final 
25-12-09 20:28:13 [main] INFO  c.i.customer.CustomerApplication -Starting CustomerApplication using Java 21.0.8 with PID 11972 (C:\Users\HP\Desktop\invilen\service1\customer\target\classes started by HP in C:\Users\HP\Desktop\invilen) 
25-12-09 20:28:13 [main] INFO  c.i.customer.CustomerApplication -No active profile set, falling back to 1 default profile: "default" 
25-12-09 20:28:13 [main] INFO  o.s.c.c.c.ConfigServerConfigDataLoader -Fetching config from server at : http://localhost:8888 
25-12-09 20:28:13 [main] INFO  o.s.c.c.c.ConfigServerConfigDataLoader -Located environment: name=customer-service, profiles=[default], label=null, version=null, state=null 
25-12-09 20:28:16 [main] INFO  o.s.d.r.c.RepositoryConfigurationDelegate -Bootstrapping Spring Data MongoDB repositories in DEFAULT mode. 
25-12-09 20:28:17 [main] INFO  o.s.d.r.c.RepositoryConfigurationDelegate -Finished Spring Data repository scanning in 625 ms. Found 1 MongoDB repository interface. 
25-12-09 20:28:18 [main] INFO  o.s.cloud.context.scope.GenericScope -BeanFactory id=32ad7e78-b172-3073-90d1-77fd6bab135f 
25-12-09 20:28:19 [main] INFO  o.s.b.w.e.tomcat.TomcatWebServer -Tomcat initialized with port 8090 (http) 
25-12-09 20:28:19 [main] INFO  o.a.coyote.http11.Http11NioProtocol -Initializing ProtocolHandler ["http-nio-8090"] 
25-12-09 20:28:19 [main] INFO  o.a.catalina.core.StandardService -Starting service [Tomcat] 
25-12-09 20:28:19 [main] INFO  o.a.catalina.core.StandardEngine -Starting Servlet engine: [Apache Tomcat/10.1.44] 
25-12-09 20:28:19 [main] INFO  o.a.c.c.C.[Tomcat].[localhost].[/] -Initializing Spring embedded WebApplicationContext 
25-12-09 20:28:19 [main] INFO  o.s.b.w.s.c.ServletWebServerApplicationContext -Root WebApplicationContext: initialization completed in 6381 ms 
25-12-09 20:28:21 [main] INFO  org.mongodb.driver.client -MongoClient with metadata {"driver": {"name": "mongo-java-driver|sync|spring-boot", "version": "5.5.1"}, "os": {"type": "Windows", "name": "Windows 10", "architecture": "amd64", "version": "10.0"}, "platform": "Java/OpenLogic/21.0.8+9-adhoc.Administrator.jdk21u"} created with settings MongoClientSettings{readPreference=primary, writeConcern=WriteConcern{w=null, wTimeout=null ms, journal=null}, retryWrites=true, retryReads=true, readConcern=ReadConcern{level=null}, credential=MongoCredential{mechanism=null, userName='umair', source='admin', password=<hidden>, mechanismProperties=<hidden>}, transportSettings=null, commandListeners=[], codecRegistry=ProvidersCodecRegistry{codecProviders=[ValueCodecProvider{}, BsonValueCodecProvider{}, DBRefCodecProvider{}, DBObjectCodecProvider{}, DocumentCodecProvider{}, CollectionCodecProvider{}, IterableCodecProvider{}, MapCodecProvider{}, GeoJsonCodecProvider{}, GridFSFileCodecProvider{}, Jsr310CodecProvider{}, JsonObjectCodecProvider{}, BsonCodecProvider{}, EnumCodecProvider{}, com.mongodb.client.model.mql.ExpressionCodecProvider@4bdb04c8, com.mongodb.Jep395RecordCodecProvider@2e8b24a1, com.mongodb.KotlinCodecProvider@3ce7394f]}, loggerSettings=LoggerSettings{maxDocumentLength=1000}, clusterSettings={hosts=[localhost:27018], srvServiceName=mongodb, mode=SINGLE, requiredClusterType=UNKNOWN, requiredReplicaSetName='null', serverSelector='null', clusterListeners='[]', serverSelectionTimeout='30000 ms', localThreshold='15 ms'}, socketSettings=SocketSettings{connectTimeoutMS=10000, readTimeoutMS=0, receiveBufferSize=0, proxySettings=ProxySettings{host=null, port=null, username=null, password=null}}, heartbeatSocketSettings=SocketSettings{connectTimeoutMS=10000, readTimeoutMS=10000, receiveBufferSize=0, proxySettings=ProxySettings{host=null, port=null, username=null, password=null}}, connectionPoolSettings=ConnectionPoolSettings{maxSize=100, minSize=0, maxWaitTimeMS=120000, maxConnectionLifeTimeMS=0, maxConnectionIdleTimeMS=0, maintenanceInitialDelayMS=0, maintenanceFrequencyMS=60000, connectionPoolListeners=[], maxConnecting=2}, serverSettings=ServerSettings{heartbeatFrequencyMS=10000, minHeartbeatFrequencyMS=500, serverMonitoringMode=AUTO, serverListeners='[]', serverMonitorListeners='[]'}, sslSettings=SslSettings{enabled=false, invalidHostNameAllowed=false, context=null}, applicationName='null', compressorList=[], uuidRepresentation=JAVA_LEGACY, serverApi=null, autoEncryptionSettings=null, dnsClient=null, inetAddressResolver=null, contextProvider=null, timeoutMS=null} 
25-12-09 20:28:21 [cluster-ClusterId{value='6938390c1dc07e06e3a8414e', description='null'}-localhost:27018] INFO  org.mongodb.driver.cluster -Monitor thread successfully connected to server with description ServerDescription{address=localhost:27018, type=STANDALONE, cryptd=false, state=CONNECTED, ok=true, minWireVersion=0, maxWireVersion=25, maxDocumentSize=16777216, logicalSessionTimeoutMinutes=30, roundTripTimeNanos=258160700, minRoundTripTimeNanos=0} 
25-12-09 20:28:23 [main] INFO  o.s.c.n.e.c.DiscoveryClientOptionalArgsConfiguration -Eureka HTTP Client uses RestTemplate. 
25-12-09 20:28:24 [main] WARN  o.s.c.l.c.LoadBalancerCacheAutoConfiguration$LoadBalancerCaffeineWarnLogger -Spring Cloud LoadBalancer is currently working with the default cache. While this cache implementation is useful for development and tests, it's recommended to use Caffeine cache in production.You can switch to using Caffeine cache, by adding it and org.springframework.cache.caffeine.CaffeineCacheManager to the classpath. 
25-12-09 20:28:24 [main] INFO  o.s.c.n.eureka.InstanceInfoFactory -Setting initial instance status as: STARTING 
25-12-09 20:28:24 [main] INFO  c.netflix.discovery.DiscoveryClient -Initializing Eureka in region us-east-1 
25-12-09 20:28:24 [main] INFO  c.n.d.s.r.aws.ConfigClusterResolver -Resolving eureka endpoints via configuration 
25-12-09 20:28:24 [main] INFO  c.netflix.discovery.DiscoveryClient -Disable delta property : false 
25-12-09 20:28:24 [main] INFO  c.netflix.discovery.DiscoveryClient -Single vip registry refresh property : null 
25-12-09 20:28:24 [main] INFO  c.netflix.discovery.DiscoveryClient -Force full registry fetch : false 
25-12-09 20:28:24 [main] INFO  c.netflix.discovery.DiscoveryClient -Application is null : false 
25-12-09 20:28:24 [main] INFO  c.netflix.discovery.DiscoveryClient -Registered Applications size is zero : true 
25-12-09 20:28:24 [main] INFO  c.netflix.discovery.DiscoveryClient -Application version is -1: true 
25-12-09 20:28:24 [main] INFO  c.netflix.discovery.DiscoveryClient -Getting all instance registry info from the eureka server 
25-12-09 20:28:27 [main] INFO  c.netflix.discovery.DiscoveryClient -The response status is 200 
25-12-09 20:28:27 [main] INFO  c.netflix.discovery.DiscoveryClient -Starting heartbeat executor: renew interval is: 30 
25-12-09 20:28:27 [main] INFO  c.n.discovery.InstanceInfoReplicator -InstanceInfoReplicator onDemand update allowed rate per min is 4 
25-12-09 20:28:27 [main] INFO  c.netflix.discovery.DiscoveryClient -Discovery Client initialized at timestamp 1765292307536 with initial instances count: 0 
25-12-09 20:28:27 [main] INFO  o.s.c.n.e.s.EurekaServiceRegistry -Registering application CUSTOMER-SERVICE with eureka with status UP 
25-12-09 20:28:27 [main] INFO  c.netflix.discovery.DiscoveryClient -Saw local status change event StatusChangeEvent [timestamp=1765292307555, current=UP, previous=STARTING] 
25-12-09 20:28:27 [main] INFO  o.a.coyote.http11.Http11NioProtocol -Starting ProtocolHandler ["http-nio-8090"] 
25-12-09 20:28:27 [DiscoveryClient-InstanceInfoReplicator-%d] INFO  c.netflix.discovery.DiscoveryClient -DiscoveryClient_CUSTOMER-SERVICE/DESKTOP-T4701JJ.mshome.net:customer-service:8090: registering service... 
25-12-09 20:28:27 [main] INFO  o.s.b.w.e.tomcat.TomcatWebServer -Tomcat started on port 8090 (http) with context path '/' 
25-12-09 20:28:27 [main] INFO  o.s.c.n.e.s.EurekaAutoServiceRegistration -Updating port to 8090 
25-12-09 20:28:27 [main] INFO  c.i.customer.CustomerApplication -Started CustomerApplication in 19.421 seconds (process running for 23.082) 
25-12-09 20:28:28 [DiscoveryClient-InstanceInfoReplicator-%d] INFO  c.netflix.discovery.DiscoveryClient -DiscoveryClient_CUSTOMER-SERVICE/DESKTOP-T4701JJ.mshome.net:customer-service:8090 - registration status: 204 
25-12-09 20:28:57 [DiscoveryClient-CacheRefreshExecutor-%d] INFO  c.netflix.discovery.DiscoveryClient -Disable delta property : false 
25-12-09 20:28:57 [DiscoveryClient-CacheRefreshExecutor-%d] INFO  c.netflix.discovery.DiscoveryClient -Single vip registry refresh property : null 
25-12-09 20:28:57 [DiscoveryClient-CacheRefreshExecutor-%d] INFO  c.netflix.discovery.DiscoveryClient -Force full registry fetch : false 
25-12-09 20:28:57 [DiscoveryClient-CacheRefreshExecutor-%d] INFO  c.netflix.discovery.DiscoveryClient -Application is null : false 
25-12-09 20:28:57 [DiscoveryClient-CacheRefreshExecutor-%d] INFO  c.netflix.discovery.DiscoveryClient -Registered Applications size is zero : true 
25-12-09 20:28:57 [DiscoveryClient-CacheRefreshExecutor-%d] INFO  c.netflix.discovery.DiscoveryClient -Application version is -1: false 
25-12-09 20:28:57 [DiscoveryClient-CacheRefreshExecutor-%d] INFO  c.netflix.discovery.DiscoveryClient -Getting all instance registry info from the eureka server 
25-12-09 20:28:58 [SpringApplicationShutdownHook] INFO  o.s.c.n.e.s.EurekaServiceRegistry -Unregistering application CUSTOMER-SERVICE with eureka with status DOWN 
25-12-09 20:28:58 [SpringApplicationShutdownHook] INFO  c.netflix.discovery.DiscoveryClient -Saw local status change event StatusChangeEvent [timestamp=1765292338466, current=DOWN, previous=UP] 
25-12-09 20:28:58 [DiscoveryClient-InstanceInfoReplicator-%d] INFO  c.netflix.discovery.DiscoveryClient -DiscoveryClient_CUSTOMER-SERVICE/DESKTOP-T4701JJ.mshome.net:customer-service:8090: registering service... 
25-12-09 20:28:58 [DiscoveryClient-InstanceInfoReplicator-%d] INFO  c.netflix.discovery.DiscoveryClient -DiscoveryClient_CUSTOMER-SERVICE/DESKTOP-T4701JJ.mshome.net:customer-service:8090 - registration status: 204 
25-12-09 20:28:58 [DiscoveryClient-CacheRefreshExecutor-%d] INFO  c.netflix.discovery.DiscoveryClient -The response status is 200 
25-12-09 20:28:58 [SpringApplicationShutdownHook] INFO  o.s.b.w.e.tomcat.GracefulShutdown -Commencing graceful shutdown. Waiting for active requests to complete 
25-12-09 20:28:58 [tomcat-shutdown] INFO  o.s.b.w.e.tomcat.GracefulShutdown -Graceful shutdown complete 
25-12-09 20:28:58 [SpringApplicationShutdownHook] INFO  c.netflix.discovery.DiscoveryClient -Shutting down DiscoveryClient ... 
25-12-09 20:29:01 [SpringApplicationShutdownHook] INFO  c.netflix.discovery.DiscoveryClient -Unregistering ... 
25-12-09 20:29:01 [SpringApplicationShutdownHook] INFO  c.netflix.discovery.DiscoveryClient -DiscoveryClient_CUSTOMER-SERVICE/DESKTOP-T4701JJ.mshome.net:customer-service:8090 - deregister  status: 200 
25-12-09 20:29:01 [SpringApplicationShutdownHook] INFO  c.netflix.discovery.DiscoveryClient -Completed shut down of DiscoveryClient 
25-12-09 20:29:17 [background-preinit] INFO  o.h.validator.internal.util.Version -HV000001: Hibernate Validator 8.0.3.Final 
25-12-09 20:29:17 [main] INFO  c.i.customer.CustomerApplication -Starting CustomerApplication using Java 21.0.8 with PID 5980 (C:\Users\HP\Desktop\invilen\service1\customer\target\classes started by HP in C:\Users\HP\Desktop\invilen) 
25-12-09 20:29:17 [main] INFO  c.i.customer.CustomerApplication -No active profile set, falling back to 1 default profile: "default" 
25-12-09 20:29:18 [main] INFO  o.s.c.c.c.ConfigServerConfigDataLoader -Fetching config from server at : http://localhost:8888 
25-12-09 20:29:18 [main] INFO  o.s.c.c.c.ConfigServerConfigDataLoader -Located environment: name=customer-service, profiles=[default], label=null, version=null, state=null 
25-12-09 20:29:20 [main] INFO  o.s.d.r.c.RepositoryConfigurationDelegate -Bootstrapping Spring Data MongoDB repositories in DEFAULT mode. 
25-12-09 20:29:21 [main] INFO  o.s.d.r.c.RepositoryConfigurationDelegate -Finished Spring Data repository scanning in 620 ms. Found 1 MongoDB repository interface. 
25-12-09 20:29:22 [main] INFO  o.s.cloud.context.scope.GenericScope -BeanFactory id=32ad7e78-b172-3073-90d1-77fd6bab135f 
25-12-09 20:29:23 [main] INFO  o.s.b.w.e.tomcat.TomcatWebServer -Tomcat initialized with port 8090 (http) 
25-12-09 20:29:23 [main] INFO  o.a.coyote.http11.Http11NioProtocol -Initializing ProtocolHandler ["http-nio-8090"] 
25-12-09 20:29:23 [main] INFO  o.a.catalina.core.StandardService -Starting service [Tomcat] 
25-12-09 20:29:23 [main] INFO  o.a.catalina.core.StandardEngine -Starting Servlet engine: [Apache Tomcat/10.1.44] 
25-12-09 20:29:24 [main] INFO  o.a.c.c.C.[Tomcat].[localhost].[/] -Initializing Spring embedded WebApplicationContext 
25-12-09 20:29:24 [main] INFO  o.s.b.w.s.c.ServletWebServerApplicationContext -Root WebApplicationContext: initialization completed in 5804 ms 
25-12-09 20:29:24 [main] INFO  org.mongodb.driver.client -MongoClient with metadata {"driver": {"name": "mongo-java-driver|sync|spring-boot", "version": "5.5.1"}, "os": {"type": "Windows", "name": "Windows 10", "architecture": "amd64", "version": "10.0"}, "platform": "Java/OpenLogic/21.0.8+9-adhoc.Administrator.jdk21u"} created with settings MongoClientSettings{readPreference=primary, writeConcern=WriteConcern{w=null, wTimeout=null ms, journal=null}, retryWrites=true, retryReads=true, readConcern=ReadConcern{level=null}, credential=MongoCredential{mechanism=null, userName='umair', source='admin', password=<hidden>, mechanismProperties=<hidden>}, transportSettings=null, commandListeners=[], codecRegistry=ProvidersCodecRegistry{codecProviders=[ValueCodecProvider{}, BsonValueCodecProvider{}, DBRefCodecProvider{}, DBObjectCodecProvider{}, DocumentCodecProvider{}, CollectionCodecProvider{}, IterableCodecProvider{}, MapCodecProvider{}, GeoJsonCodecProvider{}, GridFSFileCodecProvider{}, Jsr310CodecProvider{}, JsonObjectCodecProvider{}, BsonCodecProvider{}, EnumCodecProvider{}, com.mongodb.client.model.mql.ExpressionCodecProvider@3ae2702a, com.mongodb.Jep395RecordCodecProvider@7d088813, com.mongodb.KotlinCodecProvider@134abd78]}, loggerSettings=LoggerSettings{maxDocumentLength=1000}, clusterSettings={hosts=[localhost:27018], srvServiceName=mongodb, mode=SINGLE, requiredClusterType=UNKNOWN, requiredReplicaSetName='null', serverSelector='null', clusterListeners='[]', serverSelectionTimeout='30000 ms', localThreshold='15 ms'}, socketSettings=SocketSettings{connectTimeoutMS=10000, readTimeoutMS=0, receiveBufferSize=0, proxySettings=ProxySettings{host=null, port=null, username=null, password=null}}, heartbeatSocketSettings=SocketSettings{connectTimeoutMS=10000, readTimeoutMS=10000, receiveBufferSize=0, proxySettings=ProxySettings{host=null, port=null, username=null, password=null}}, connectionPoolSettings=ConnectionPoolSettings{maxSize=100, minSize=0, maxWaitTimeMS=120000, maxConnectionLifeTimeMS=0, maxConnectionIdleTimeMS=0, maintenanceInitialDelayMS=0, maintenanceFrequencyMS=60000, connectionPoolListeners=[], maxConnecting=2}, serverSettings=ServerSettings{heartbeatFrequencyMS=10000, minHeartbeatFrequencyMS=500, serverMonitoringMode=AUTO, serverListeners='[]', serverMonitorListeners='[]'}, sslSettings=SslSettings{enabled=false, invalidHostNameAllowed=false, context=null}, applicationName='null', compressorList=[], uuidRepresentation=JAVA_LEGACY, serverApi=null, autoEncryptionSettings=null, dnsClient=null, inetAddressResolver=null, contextProvider=null, timeoutMS=null} 
25-12-09 20:29:24 [cluster-ClusterId{value='6938394c5a0e42a3dc7e325a', description='null'}-localhost:27018] INFO  org.mongodb.driver.cluster -Monitor thread successfully connected to server with description ServerDescription{address=localhost:27018, type=STANDALONE, cryptd=false, state=CONNECTED, ok=true, minWireVersion=0, maxWireVersion=25, maxDocumentSize=16777216, logicalSessionTimeoutMinutes=30, roundTripTimeNanos=149029200, minRoundTripTimeNanos=0} 
25-12-09 20:29:27 [main] INFO  o.s.c.n.e.c.DiscoveryClientOptionalArgsConfiguration -Eureka HTTP Client uses RestTemplate. 
25-12-09 20:29:27 [main] WARN  o.s.c.l.c.LoadBalancerCacheAutoConfiguration$LoadBalancerCaffeineWarnLogger -Spring Cloud LoadBalancer is currently working with the default cache. While this cache implementation is useful for development and tests, it's recommended to use Caffeine cache in production.You can switch to using Caffeine cache, by adding it and org.springframework.cache.caffeine.CaffeineCacheManager to the classpath. 
25-12-09 20:29:27 [main] INFO  o.s.c.n.eureka.InstanceInfoFactory -Setting initial instance status as: STARTING 
25-12-09 20:29:27 [main] INFO  c.netflix.discovery.DiscoveryClient -Initializing Eureka in region us-east-1 
25-12-09 20:29:27 [main] INFO  c.n.d.s.r.aws.ConfigClusterResolver -Resolving eureka endpoints via configuration 
25-12-09 20:29:27 [main] INFO  c.netflix.discovery.DiscoveryClient -Disable delta property : false 
25-12-09 20:29:27 [main] INFO  c.netflix.discovery.DiscoveryClient -Single vip registry refresh property : null 
25-12-09 20:29:27 [main] INFO  c.netflix.discovery.DiscoveryClient -Force full registry fetch : false 
25-12-09 20:29:27 [main] INFO  c.netflix.discovery.DiscoveryClient -Application is null : false 
25-12-09 20:29:27 [main] INFO  c.netflix.discovery.DiscoveryClient -Registered Applications size is zero : true 
25-12-09 20:29:27 [main] INFO  c.netflix.discovery.DiscoveryClient -Application version is -1: true 
25-12-09 20:29:27 [main] INFO  c.netflix.discovery.DiscoveryClient -Getting all instance registry info from the eureka server 
25-12-09 20:29:29 [main] INFO  c.netflix.discovery.DiscoveryClient -The response status is 200 
25-12-09 20:29:29 [main] INFO  c.netflix.discovery.DiscoveryClient -Starting heartbeat executor: renew interval is: 30 
25-12-09 20:29:29 [main] INFO  c.n.discovery.InstanceInfoReplicator -InstanceInfoReplicator onDemand update allowed rate per min is 4 
25-12-09 20:29:29 [main] INFO  c.netflix.discovery.DiscoveryClient -Discovery Client initialized at timestamp 1765292369239 with initial instances count: 1 
25-12-09 20:29:29 [main] INFO  o.s.c.n.e.s.EurekaServiceRegistry -Registering application CUSTOMER-SERVICE with eureka with status UP 
25-12-09 20:29:29 [main] INFO  c.netflix.discovery.DiscoveryClient -Saw local status change event StatusChangeEvent [timestamp=1765292369259, current=UP, previous=STARTING] 
25-12-09 20:29:29 [DiscoveryClient-InstanceInfoReplicator-%d] INFO  c.netflix.discovery.DiscoveryClient -DiscoveryClient_CUSTOMER-SERVICE/DESKTOP-T4701JJ.mshome.net:customer-service:8090: registering service... 
25-12-09 20:29:29 [main] INFO  o.a.coyote.http11.Http11NioProtocol -Starting ProtocolHandler ["http-nio-8090"] 
25-12-09 20:29:29 [main] INFO  o.s.b.w.e.tomcat.TomcatWebServer -Tomcat started on port 8090 (http) with context path '/' 
25-12-09 20:29:29 [main] INFO  o.s.c.n.e.s.EurekaAutoServiceRegistration -Updating port to 8090 
25-12-09 20:29:29 [main] INFO  c.i.customer.CustomerApplication -Started CustomerApplication in 15.965 seconds (process running for 19.117) 
25-12-09 20:29:29 [DiscoveryClient-InstanceInfoReplicator-%d] INFO  c.netflix.discovery.DiscoveryClient -DiscoveryClient_CUSTOMER-SERVICE/DESKTOP-T4701JJ.mshome.net:customer-service:8090 - registration status: 204 
25-12-09 20:34:27 [AsyncResolver-bootstrap-executor-%d] INFO  c.n.d.s.r.aws.ConfigClusterResolver -Resolving eureka endpoints via configuration 
25-12-09 20:37:49 [SpringApplicationShutdownHook] INFO  o.s.c.n.e.s.EurekaServiceRegistry -Unregistering application CUSTOMER-SERVICE with eureka with status DOWN 
25-12-09 20:37:49 [SpringApplicationShutdownHook] INFO  c.netflix.discovery.DiscoveryClient -Saw local status change event StatusChangeEvent [timestamp=1765292869332, current=DOWN, previous=UP] 
25-12-09 20:37:49 [DiscoveryClient-InstanceInfoReplicator-%d] INFO  c.netflix.discovery.DiscoveryClient -DiscoveryClient_CUSTOMER-SERVICE/DESKTOP-T4701JJ.mshome.net:customer-service:8090: registering service... 
25-12-09 20:37:49 [SpringApplicationShutdownHook] INFO  o.s.b.w.e.tomcat.GracefulShutdown -Commencing graceful shutdown. Waiting for active requests to complete 
25-12-09 20:37:49 [tomcat-shutdown] INFO  o.s.b.w.e.tomcat.GracefulShutdown -Graceful shutdown complete 
25-12-09 20:37:50 [DiscoveryClient-InstanceInfoReplicator-%d] INFO  c.netflix.discovery.DiscoveryClient -DiscoveryClient_CUSTOMER-SERVICE/DESKTOP-T4701JJ.mshome.net:customer-service:8090 - registration status: 204 
25-12-09 20:37:50 [SpringApplicationShutdownHook] INFO  c.netflix.discovery.DiscoveryClient -Shutting down DiscoveryClient ... 
25-12-09 20:37:53 [SpringApplicationShutdownHook] INFO  c.netflix.discovery.DiscoveryClient -Unregistering ... 
25-12-09 20:37:53 [SpringApplicationShutdownHook] INFO  c.netflix.discovery.DiscoveryClient -DiscoveryClient_CUSTOMER-SERVICE/DESKTOP-T4701JJ.mshome.net:customer-service:8090 - deregister  status: 200 
25-12-09 20:37:53 [SpringApplicationShutdownHook] INFO  c.netflix.discovery.DiscoveryClient -Completed shut down of DiscoveryClient 
25-12-09 20:38:11 [background-preinit] INFO  o.h.validator.internal.util.Version -HV000001: Hibernate Validator 8.0.3.Final 
25-12-09 20:38:12 [main] INFO  c.i.customer.CustomerApplication -Starting CustomerApplication using Java 21.0.8 with PID 12628 (C:\Users\HP\Desktop\invilen\service1\customer\target\classes started by HP in C:\Users\HP\Desktop\invilen) 
25-12-09 20:38:12 [main] INFO  c.i.customer.CustomerApplication -No active profile set, falling back to 1 default profile: "default" 
25-12-09 20:38:12 [main] INFO  o.s.c.c.c.ConfigServerConfigDataLoader -Fetching config from server at : http://localhost:8888 
25-12-09 20:38:12 [main] INFO  o.s.c.c.c.ConfigServerConfigDataLoader -Located environment: name=customer-service, profiles=[default], label=null, version=null, state=null 
25-12-09 20:38:15 [main] INFO  o.s.d.r.c.RepositoryConfigurationDelegate -Bootstrapping Spring Data MongoDB repositories in DEFAULT mode. 
25-12-09 20:38:16 [main] INFO  o.s.d.r.c.RepositoryConfigurationDelegate -Finished Spring Data repository scanning in 748 ms. Found 1 MongoDB repository interface. 
25-12-09 20:38:16 [main] INFO  o.s.cloud.context.scope.GenericScope -BeanFactory id=32ad7e78-b172-3073-90d1-77fd6bab135f 
25-12-09 20:38:17 [main] INFO  o.s.b.w.e.tomcat.TomcatWebServer -Tomcat initialized with port 8090 (http) 
25-12-09 20:38:17 [main] INFO  o.a.coyote.http11.Http11NioProtocol -Initializing ProtocolHandler ["http-nio-8090"] 
25-12-09 20:38:17 [main] INFO  o.a.catalina.core.StandardService -Starting service [Tomcat] 
25-12-09 20:38:17 [main] INFO  o.a.catalina.core.StandardEngine -Starting Servlet engine: [Apache Tomcat/10.1.44] 
25-12-09 20:38:18 [main] INFO  o.a.c.c.C.[Tomcat].[localhost].[/] -Initializing Spring embedded WebApplicationContext 
25-12-09 20:38:18 [main] INFO  o.s.b.w.s.c.ServletWebServerApplicationContext -Root WebApplicationContext: initialization completed in 5750 ms 
25-12-09 20:38:19 [main] INFO  org.mongodb.driver.client -MongoClient with metadata {"driver": {"name": "mongo-java-driver|sync|spring-boot", "version": "5.5.1"}, "os": {"type": "Windows", "name": "Windows 10", "architecture": "amd64", "version": "10.0"}, "platform": "Java/OpenLogic/21.0.8+9-adhoc.Administrator.jdk21u"} created with settings MongoClientSettings{readPreference=primary, writeConcern=WriteConcern{w=null, wTimeout=null ms, journal=null}, retryWrites=true, retryReads=true, readConcern=ReadConcern{level=null}, credential=MongoCredential{mechanism=null, userName='umair', source='admin', password=<hidden>, mechanismProperties=<hidden>}, transportSettings=null, commandListeners=[], codecRegistry=ProvidersCodecRegistry{codecProviders=[ValueCodecProvider{}, BsonValueCodecProvider{}, DBRefCodecProvider{}, DBObjectCodecProvider{}, DocumentCodecProvider{}, CollectionCodecProvider{}, IterableCodecProvider{}, MapCodecProvider{}, GeoJsonCodecProvider{}, GridFSFileCodecProvider{}, Jsr310CodecProvider{}, JsonObjectCodecProvider{}, BsonCodecProvider{}, EnumCodecProvider{}, com.mongodb.client.model.mql.ExpressionCodecProvider@1a84a8b2, com.mongodb.Jep395RecordCodecProvider@601d295, com.mongodb.KotlinCodecProvider@485451d8]}, loggerSettings=LoggerSettings{maxDocumentLength=1000}, clusterSettings={hosts=[localhost:27018], srvServiceName=mongodb, mode=SINGLE, requiredClusterType=UNKNOWN, requiredReplicaSetName='null', serverSelector='null', clusterListeners='[]', serverSelectionTimeout='30000 ms', localThreshold='15 ms'}, socketSettings=SocketSettings{connectTimeoutMS=10000, readTimeoutMS=0, receiveBufferSize=0, proxySettings=ProxySettings{host=null, port=null, username=null, password=null}}, heartbeatSocketSettings=SocketSettings{connectTimeoutMS=10000, readTimeoutMS=10000, receiveBufferSize=0, proxySettings=ProxySettings{host=null, port=null, username=null, password=null}}, connectionPoolSettings=ConnectionPoolSettings{maxSize=100, minSize=0, maxWaitTimeMS=120000, maxConnectionLifeTimeMS=0, maxConnectionIdleTimeMS=0, maintenanceInitialDelayMS=0, maintenanceFrequencyMS=60000, connectionPoolListeners=[], maxConnecting=2}, serverSettings=ServerSettings{heartbeatFrequencyMS=10000, minHeartbeatFrequencyMS=500, serverMonitoringMode=AUTO, serverListeners='[]', serverMonitorListeners='[]'}, sslSettings=SslSettings{enabled=false, invalidHostNameAllowed=false, context=null}, applicationName='null', compressorList=[], uuidRepresentation=JAVA_LEGACY, serverApi=null, autoEncryptionSettings=null, dnsClient=null, inetAddressResolver=null, contextProvider=null, timeoutMS=null} 
25-12-09 20:38:19 [cluster-ClusterId{value='69383b62500484538a614961', description='null'}-localhost:27018] INFO  org.mongodb.driver.cluster -Monitor thread successfully connected to server with description ServerDescription{address=localhost:27018, type=STANDALONE, cryptd=false, state=CONNECTED, ok=true, minWireVersion=0, maxWireVersion=25, maxDocumentSize=16777216, logicalSessionTimeoutMinutes=30, roundTripTimeNanos=167746600, minRoundTripTimeNanos=0} 
25-12-09 20:38:22 [main] INFO  o.s.c.n.e.c.DiscoveryClientOptionalArgsConfiguration -Eureka HTTP Client uses RestTemplate. 
25-12-09 20:38:22 [main] WARN  o.s.c.l.c.LoadBalancerCacheAutoConfiguration$LoadBalancerCaffeineWarnLogger -Spring Cloud LoadBalancer is currently working with the default cache. While this cache implementation is useful for development and tests, it's recommended to use Caffeine cache in production.You can switch to using Caffeine cache, by adding it and org.springframework.cache.caffeine.CaffeineCacheManager to the classpath. 
25-12-09 20:38:22 [main] INFO  o.s.c.n.eureka.InstanceInfoFactory -Setting initial instance status as: STARTING 
25-12-09 20:38:22 [main] INFO  c.netflix.discovery.DiscoveryClient -Initializing Eureka in region us-east-1 
25-12-09 20:38:22 [main] INFO  c.n.d.s.r.aws.ConfigClusterResolver -Resolving eureka endpoints via configuration 
25-12-09 20:38:23 [main] INFO  c.netflix.discovery.DiscoveryClient -Disable delta property : false 
25-12-09 20:38:23 [main] INFO  c.netflix.discovery.DiscoveryClient -Single vip registry refresh property : null 
25-12-09 20:38:23 [main] INFO  c.netflix.discovery.DiscoveryClient -Force full registry fetch : false 
25-12-09 20:38:23 [main] INFO  c.netflix.discovery.DiscoveryClient -Application is null : false 
25-12-09 20:38:23 [main] INFO  c.netflix.discovery.DiscoveryClient -Registered Applications size is zero : true 
25-12-09 20:38:23 [main] INFO  c.netflix.discovery.DiscoveryClient -Application version is -1: true 
25-12-09 20:38:23 [main] INFO  c.netflix.discovery.DiscoveryClient -Getting all instance registry info from the eureka server 
25-12-09 20:38:24 [main] INFO  c.netflix.discovery.DiscoveryClient -The response status is 200 
25-12-09 20:38:24 [main] INFO  c.netflix.discovery.DiscoveryClient -Starting heartbeat executor: renew interval is: 30 
25-12-09 20:38:24 [main] INFO  c.n.discovery.InstanceInfoReplicator -InstanceInfoReplicator onDemand update allowed rate per min is 4 
25-12-09 20:38:24 [main] INFO  c.netflix.discovery.DiscoveryClient -Discovery Client initialized at timestamp 1765292904700 with initial instances count: 0 
25-12-09 20:38:24 [main] INFO  o.s.c.n.e.s.EurekaServiceRegistry -Registering application CUSTOMER-SERVICE with eureka with status UP 
25-12-09 20:38:24 [main] INFO  c.netflix.discovery.DiscoveryClient -Saw local status change event StatusChangeEvent [timestamp=1765292904714, current=UP, previous=STARTING] 
25-12-09 20:38:24 [main] INFO  o.a.coyote.http11.Http11NioProtocol -Starting ProtocolHandler ["http-nio-8090"] 
25-12-09 20:38:24 [DiscoveryClient-InstanceInfoReplicator-%d] INFO  c.netflix.discovery.DiscoveryClient -DiscoveryClient_CUSTOMER-SERVICE/DESKTOP-T4701JJ.mshome.net:customer-service:8090: registering service... 
25-12-09 20:38:24 [main] INFO  o.s.b.w.e.tomcat.TomcatWebServer -Tomcat started on port 8090 (http) with context path '/' 
25-12-09 20:38:24 [main] INFO  o.s.c.n.e.s.EurekaAutoServiceRegistration -Updating port to 8090 
25-12-09 20:38:25 [main] INFO  c.i.customer.CustomerApplication -Started CustomerApplication in 17.405 seconds (process running for 20.56) 
25-12-09 20:38:25 [DiscoveryClient-InstanceInfoReplicator-%d] INFO  c.netflix.discovery.DiscoveryClient -DiscoveryClient_CUSTOMER-SERVICE/DESKTOP-T4701JJ.mshome.net:customer-service:8090 - registration status: 204 
25-12-09 20:38:49 [http-nio-8090-exec-1] INFO  o.a.c.c.C.[Tomcat].[localhost].[/] -Initializing Spring DispatcherServlet 'dispatcherServlet' 
25-12-09 20:38:49 [http-nio-8090-exec-1] INFO  o.s.web.servlet.DispatcherServlet -Initializing Servlet 'dispatcherServlet' 
25-12-09 20:38:49 [http-nio-8090-exec-1] INFO  o.s.web.servlet.DispatcherServlet -Completed initialization in 78 ms 
25-12-09 20:38:57 [DiscoveryClient-CacheRefreshExecutor-%d] INFO  c.netflix.discovery.DiscoveryClient -Disable delta property : false 
25-12-09 20:38:57 [DiscoveryClient-CacheRefreshExecutor-%d] INFO  c.netflix.discovery.DiscoveryClient -Single vip registry refresh property : null 
25-12-09 20:38:57 [DiscoveryClient-CacheRefreshExecutor-%d] INFO  c.netflix.discovery.DiscoveryClient -Force full registry fetch : false 
25-12-09 20:38:57 [DiscoveryClient-CacheRefreshExecutor-%d] INFO  c.netflix.discovery.DiscoveryClient -Application is null : false 
25-12-09 20:38:57 [DiscoveryClient-CacheRefreshExecutor-%d] INFO  c.netflix.discovery.DiscoveryClient -Registered Applications size is zero : true 
25-12-09 20:38:57 [DiscoveryClient-CacheRefreshExecutor-%d] INFO  c.netflix.discovery.DiscoveryClient -Application version is -1: false 
25-12-09 20:38:57 [DiscoveryClient-CacheRefreshExecutor-%d] INFO  c.netflix.discovery.DiscoveryClient -Getting all instance registry info from the eureka server 
25-12-09 20:38:57 [DiscoveryClient-CacheRefreshExecutor-%d] INFO  c.netflix.discovery.DiscoveryClient -The response status is 200 
25-12-09 20:39:17 [SpringApplicationShutdownHook] INFO  o.s.c.n.e.s.EurekaServiceRegistry -Unregistering application CUSTOMER-SERVICE with eureka with status DOWN 
25-12-09 20:39:17 [SpringApplicationShutdownHook] INFO  c.netflix.discovery.DiscoveryClient -Saw local status change event StatusChangeEvent [timestamp=1765292957377, current=DOWN, previous=UP] 
25-12-09 20:39:17 [DiscoveryClient-InstanceInfoReplicator-%d] INFO  c.netflix.discovery.DiscoveryClient -DiscoveryClient_CUSTOMER-SERVICE/DESKTOP-T4701JJ.mshome.net:customer-service:8090: registering service... 
25-12-09 20:39:17 [SpringApplicationShutdownHook] INFO  o.s.b.w.e.tomcat.GracefulShutdown -Commencing graceful shutdown. Waiting for active requests to complete 
25-12-09 20:39:17 [DiscoveryClient-InstanceInfoReplicator-%d] INFO  c.netflix.discovery.DiscoveryClient -DiscoveryClient_CUSTOMER-SERVICE/DESKTOP-T4701JJ.mshome.net:customer-service:8090 - registration status: 204 
25-12-09 20:39:17 [tomcat-shutdown] INFO  o.s.b.w.e.tomcat.GracefulShutdown -Graceful shutdown complete 
25-12-09 20:39:17 [SpringApplicationShutdownHook] INFO  c.netflix.discovery.DiscoveryClient -Shutting down DiscoveryClient ... 
25-12-09 20:39:20 [SpringApplicationShutdownHook] INFO  c.netflix.discovery.DiscoveryClient -Unregistering ... 
25-12-09 20:39:20 [SpringApplicationShutdownHook] INFO  c.netflix.discovery.DiscoveryClient -DiscoveryClient_CUSTOMER-SERVICE/DESKTOP-T4701JJ.mshome.net:customer-service:8090 - deregister  status: 200 
25-12-09 20:39:20 [SpringApplicationShutdownHook] INFO  c.netflix.discovery.DiscoveryClient -Completed shut down of DiscoveryClient 
25-12-09 20:39:35 [background-preinit] INFO  o.h.validator.internal.util.Version -HV000001: Hibernate Validator 8.0.3.Final 
25-12-09 20:39:35 [main] INFO  c.i.customer.CustomerApplication -Starting CustomerApplication using Java 21.0.8 with PID 12624 (C:\Users\HP\Desktop\invilen\service1\customer\target\classes started by HP in C:\Users\HP\Desktop\invilen) 
25-12-09 20:39:35 [main] INFO  c.i.customer.CustomerApplication -No active profile set, falling back to 1 default profile: "default" 
25-12-09 20:39:36 [main] INFO  o.s.c.c.c.ConfigServerConfigDataLoader -Fetching config from server at : http://localhost:8888 
25-12-09 20:39:36 [main] INFO  o.s.c.c.c.ConfigServerConfigDataLoader -Located environment: name=customer-service, profiles=[default], label=null, version=null, state=null 
25-12-09 20:39:38 [main] INFO  o.s.d.r.c.RepositoryConfigurationDelegate -Bootstrapping Spring Data MongoDB repositories in DEFAULT mode. 
25-12-09 20:39:39 [main] INFO  o.s.d.r.c.RepositoryConfigurationDelegate -Finished Spring Data repository scanning in 551 ms. Found 1 MongoDB repository interface. 
25-12-09 20:39:40 [main] INFO  o.s.cloud.context.scope.GenericScope -BeanFactory id=32ad7e78-b172-3073-90d1-77fd6bab135f 
25-12-09 20:39:41 [main] INFO  o.s.b.w.e.tomcat.TomcatWebServer -Tomcat initialized with port 8090 (http) 
25-12-09 20:39:41 [main] INFO  o.a.coyote.http11.Http11NioProtocol -Initializing ProtocolHandler ["http-nio-8090"] 
25-12-09 20:39:41 [main] INFO  o.a.catalina.core.StandardService -Starting service [Tomcat] 
25-12-09 20:39:41 [main] INFO  o.a.catalina.core.StandardEngine -Starting Servlet engine: [Apache Tomcat/10.1.44] 
25-12-09 20:39:41 [main] INFO  o.a.c.c.C.[Tomcat].[localhost].[/] -Initializing Spring embedded WebApplicationContext 
25-12-09 20:39:41 [main] INFO  o.s.b.w.s.c.ServletWebServerApplicationContext -Root WebApplicationContext: initialization completed in 5798 ms 
25-12-09 20:39:42 [main] INFO  org.mongodb.driver.client -MongoClient with metadata {"driver": {"name": "mongo-java-driver|sync|spring-boot", "version": "5.5.1"}, "os": {"type": "Windows", "name": "Windows 10", "architecture": "amd64", "version": "10.0"}, "platform": "Java/OpenLogic/21.0.8+9-adhoc.Administrator.jdk21u"} created with settings MongoClientSettings{readPreference=primary, writeConcern=WriteConcern{w=null, wTimeout=null ms, journal=null}, retryWrites=true, retryReads=true, readConcern=ReadConcern{level=null}, credential=MongoCredential{mechanism=null, userName='umair', source='admin', password=<hidden>, mechanismProperties=<hidden>}, transportSettings=null, commandListeners=[], codecRegistry=ProvidersCodecRegistry{codecProviders=[ValueCodecProvider{}, BsonValueCodecProvider{}, DBRefCodecProvider{}, DBObjectCodecProvider{}, DocumentCodecProvider{}, CollectionCodecProvider{}, IterableCodecProvider{}, MapCodecProvider{}, GeoJsonCodecProvider{}, GridFSFileCodecProvider{}, Jsr310CodecProvider{}, JsonObjectCodecProvider{}, BsonCodecProvider{}, EnumCodecProvider{}, com.mongodb.client.model.mql.ExpressionCodecProvider@3b0ed98a, com.mongodb.Jep395RecordCodecProvider@12448de1, com.mongodb.KotlinCodecProvider@2b35c7aa]}, loggerSettings=LoggerSettings{maxDocumentLength=1000}, clusterSettings={hosts=[localhost:27018], srvServiceName=mongodb, mode=SINGLE, requiredClusterType=UNKNOWN, requiredReplicaSetName='null', serverSelector='null', clusterListeners='[]', serverSelectionTimeout='30000 ms', localThreshold='15 ms'}, socketSettings=SocketSettings{connectTimeoutMS=10000, readTimeoutMS=0, receiveBufferSize=0, proxySettings=ProxySettings{host=null, port=null, username=null, password=null}}, heartbeatSocketSettings=SocketSettings{connectTimeoutMS=10000, readTimeoutMS=10000, receiveBufferSize=0, proxySettings=ProxySettings{host=null, port=null, username=null, password=null}}, connectionPoolSettings=ConnectionPoolSettings{maxSize=100, minSize=0, maxWaitTimeMS=120000, maxConnectionLifeTimeMS=0, maxConnectionIdleTimeMS=0, maintenanceInitialDelayMS=0, maintenanceFrequencyMS=60000, connectionPoolListeners=[], maxConnecting=2}, serverSettings=ServerSettings{heartbeatFrequencyMS=10000, minHeartbeatFrequencyMS=500, serverMonitoringMode=AUTO, serverListeners='[]', serverMonitorListeners='[]'}, sslSettings=SslSettings{enabled=false, invalidHostNameAllowed=false, context=null}, applicationName='null', compressorList=[], uuidRepresentation=JAVA_LEGACY, serverApi=null, autoEncryptionSettings=null, dnsClient=null, inetAddressResolver=null, contextProvider=null, timeoutMS=null} 
25-12-09 20:39:43 [cluster-ClusterId{value='69383bb6b4f378cdcd1dde4e', description='null'}-localhost:27018] INFO  org.mongodb.driver.cluster -Monitor thread successfully connected to server with description ServerDescription{address=localhost:27018, type=STANDALONE, cryptd=false, state=CONNECTED, ok=true, minWireVersion=0, maxWireVersion=25, maxDocumentSize=16777216, logicalSessionTimeoutMinutes=30, roundTripTimeNanos=135856100, minRoundTripTimeNanos=0} 
25-12-09 20:39:45 [main] INFO  o.s.c.n.e.c.DiscoveryClientOptionalArgsConfiguration -Eureka HTTP Client uses RestTemplate. 
25-12-09 20:39:45 [main] WARN  o.s.c.l.c.LoadBalancerCacheAutoConfiguration$LoadBalancerCaffeineWarnLogger -Spring Cloud LoadBalancer is currently working with the default cache. While this cache implementation is useful for development and tests, it's recommended to use Caffeine cache in production.You can switch to using Caffeine cache, by adding it and org.springframework.cache.caffeine.CaffeineCacheManager to the classpath. 
25-12-09 20:39:46 [main] INFO  o.s.c.n.eureka.InstanceInfoFactory -Setting initial instance status as: STARTING 
25-12-09 20:39:46 [main] INFO  c.netflix.discovery.DiscoveryClient -Initializing Eureka in region us-east-1 
25-12-09 20:39:46 [main] INFO  c.n.d.s.r.aws.ConfigClusterResolver -Resolving eureka endpoints via configuration 
25-12-09 20:39:46 [main] INFO  c.netflix.discovery.DiscoveryClient -Disable delta property : false 
25-12-09 20:39:46 [main] INFO  c.netflix.discovery.DiscoveryClient -Single vip registry refresh property : null 
25-12-09 20:39:46 [main] INFO  c.netflix.discovery.DiscoveryClient -Force full registry fetch : false 
25-12-09 20:39:46 [main] INFO  c.netflix.discovery.DiscoveryClient -Application is null : false 
25-12-09 20:39:46 [main] INFO  c.netflix.discovery.DiscoveryClient -Registered Applications size is zero : true 
25-12-09 20:39:46 [main] INFO  c.netflix.discovery.DiscoveryClient -Application version is -1: true 
25-12-09 20:39:46 [main] INFO  c.netflix.discovery.DiscoveryClient -Getting all instance registry info from the eureka server 
25-12-09 20:39:47 [main] INFO  c.netflix.discovery.DiscoveryClient -The response status is 200 
25-12-09 20:39:47 [main] INFO  c.netflix.discovery.DiscoveryClient -Starting heartbeat executor: renew interval is: 30 
25-12-09 20:39:47 [main] INFO  c.n.discovery.InstanceInfoReplicator -InstanceInfoReplicator onDemand update allowed rate per min is 4 
25-12-09 20:39:47 [main] INFO  c.netflix.discovery.DiscoveryClient -Discovery Client initialized at timestamp 1765292987467 with initial instances count: 0 
25-12-09 20:39:47 [main] INFO  o.s.c.n.e.s.EurekaServiceRegistry -Registering application CUSTOMER-SERVICE with eureka with status UP 
25-12-09 20:39:47 [main] INFO  c.netflix.discovery.DiscoveryClient -Saw local status change event StatusChangeEvent [timestamp=1765292987482, current=UP, previous=STARTING] 
25-12-09 20:39:47 [DiscoveryClient-InstanceInfoReplicator-%d] INFO  c.netflix.discovery.DiscoveryClient -DiscoveryClient_CUSTOMER-SERVICE/DESKTOP-T4701JJ.mshome.net:customer-service:8090: registering service... 
25-12-09 20:39:47 [main] INFO  o.a.coyote.http11.Http11NioProtocol -Starting ProtocolHandler ["http-nio-8090"] 
25-12-09 20:39:47 [main] INFO  o.s.b.w.e.tomcat.TomcatWebServer -Tomcat started on port 8090 (http) with context path '/' 
25-12-09 20:39:47 [main] INFO  o.s.c.n.e.s.EurekaAutoServiceRegistration -Updating port to 8090 
25-12-09 20:39:47 [main] INFO  c.i.customer.CustomerApplication -Started CustomerApplication in 15.881 seconds (process running for 19.517) 
25-12-09 20:39:47 [DiscoveryClient-InstanceInfoReplicator-%d] INFO  c.netflix.discovery.DiscoveryClient -DiscoveryClient_CUSTOMER-SERVICE/DESKTOP-T4701JJ.mshome.net:customer-service:8090 - registration status: 204 
25-12-09 20:40:17 [DiscoveryClient-CacheRefreshExecutor-%d] INFO  c.netflix.discovery.DiscoveryClient -Disable delta property : false 
25-12-09 20:40:17 [DiscoveryClient-CacheRefreshExecutor-%d] INFO  c.netflix.discovery.DiscoveryClient -Single vip registry refresh property : null 
25-12-09 20:40:17 [DiscoveryClient-CacheRefreshExecutor-%d] INFO  c.netflix.discovery.DiscoveryClient -Force full registry fetch : false 
25-12-09 20:40:17 [DiscoveryClient-CacheRefreshExecutor-%d] INFO  c.netflix.discovery.DiscoveryClient -Application is null : false 
25-12-09 20:40:17 [DiscoveryClient-CacheRefreshExecutor-%d] INFO  c.netflix.discovery.DiscoveryClient -Registered Applications size is zero : true 
25-12-09 20:40:17 [DiscoveryClient-CacheRefreshExecutor-%d] INFO  c.netflix.discovery.DiscoveryClient -Application version is -1: false 
25-12-09 20:40:17 [DiscoveryClient-CacheRefreshExecutor-%d] INFO  c.netflix.discovery.DiscoveryClient -Getting all instance registry info from the eureka server 
25-12-09 20:40:18 [DiscoveryClient-CacheRefreshExecutor-%d] INFO  c.netflix.discovery.DiscoveryClient -The response status is 200 
25-12-09 20:40:25 [http-nio-8090-exec-2] INFO  o.a.c.c.C.[Tomcat].[localhost].[/] -Initializing Spring DispatcherServlet 'dispatcherServlet' 
25-12-09 20:40:25 [http-nio-8090-exec-2] INFO  o.s.web.servlet.DispatcherServlet -Initializing Servlet 'dispatcherServlet' 
25-12-09 20:40:25 [http-nio-8090-exec-2] INFO  o.s.web.servlet.DispatcherServlet -Completed initialization in 100 ms 
25-12-09 20:42:09 [SpringApplicationShutdownHook] INFO  o.s.c.n.e.s.EurekaServiceRegistry -Unregistering application CUSTOMER-SERVICE with eureka with status DOWN 
25-12-09 20:42:09 [SpringApplicationShutdownHook] INFO  c.netflix.discovery.DiscoveryClient -Saw local status change event StatusChangeEvent [timestamp=1765293129435, current=DOWN, previous=UP] 
25-12-09 20:42:09 [DiscoveryClient-InstanceInfoReplicator-%d] INFO  c.netflix.discovery.DiscoveryClient -DiscoveryClient_CUSTOMER-SERVICE/DESKTOP-T4701JJ.mshome.net:customer-service:8090: registering service... 
25-12-09 20:42:09 [DiscoveryClient-InstanceInfoReplicator-%d] INFO  c.netflix.discovery.DiscoveryClient -DiscoveryClient_CUSTOMER-SERVICE/DESKTOP-T4701JJ.mshome.net:customer-service:8090 - registration status: 204 
25-12-09 20:42:09 [SpringApplicationShutdownHook] INFO  o.s.b.w.e.tomcat.GracefulShutdown -Commencing graceful shutdown. Waiting for active requests to complete 
25-12-09 20:42:09 [tomcat-shutdown] INFO  o.s.b.w.e.tomcat.GracefulShutdown -Graceful shutdown complete 
25-12-09 20:42:10 [SpringApplicationShutdownHook] INFO  c.netflix.discovery.DiscoveryClient -Shutting down DiscoveryClient ... 
25-12-09 20:42:13 [SpringApplicationShutdownHook] INFO  c.netflix.discovery.DiscoveryClient -Unregistering ... 
25-12-09 20:42:13 [SpringApplicationShutdownHook] INFO  c.netflix.discovery.DiscoveryClient -DiscoveryClient_CUSTOMER-SERVICE/DESKTOP-T4701JJ.mshome.net:customer-service:8090 - deregister  status: 200 
25-12-09 20:42:13 [SpringApplicationShutdownHook] INFO  c.netflix.discovery.DiscoveryClient -Completed shut down of DiscoveryClient 
25-12-09 20:42:34 [background-preinit] INFO  o.h.validator.internal.util.Version -HV000001: Hibernate Validator 8.0.3.Final 
25-12-09 20:42:34 [main] INFO  c.i.customer.CustomerApplication -Starting CustomerApplication using Java 21.0.8 with PID 5820 (C:\Users\HP\Desktop\invilen\service1\customer\target\classes started by HP in C:\Users\HP\Desktop\invilen) 
25-12-09 20:42:34 [main] INFO  c.i.customer.CustomerApplication -No active profile set, falling back to 1 default profile: "default" 
25-12-09 20:42:34 [main] INFO  o.s.c.c.c.ConfigServerConfigDataLoader -Fetching config from server at : http://localhost:8888 
25-12-09 20:42:34 [main] INFO  o.s.c.c.c.ConfigServerConfigDataLoader -Located environment: name=customer-service, profiles=[default], label=null, version=null, state=null 
25-12-09 20:42:37 [main] INFO  o.s.d.r.c.RepositoryConfigurationDelegate -Bootstrapping Spring Data MongoDB repositories in DEFAULT mode. 
25-12-09 20:42:37 [main] INFO  o.s.d.r.c.RepositoryConfigurationDelegate -Finished Spring Data repository scanning in 495 ms. Found 1 MongoDB repository interface. 
25-12-09 20:42:38 [main] INFO  o.s.cloud.context.scope.GenericScope -BeanFactory id=32ad7e78-b172-3073-90d1-77fd6bab135f 
25-12-09 20:42:39 [main] INFO  o.s.b.w.e.tomcat.TomcatWebServer -Tomcat initialized with port 8090 (http) 
25-12-09 20:42:39 [main] INFO  o.a.coyote.http11.Http11NioProtocol -Initializing ProtocolHandler ["http-nio-8090"] 
25-12-09 20:42:39 [main] INFO  o.a.catalina.core.StandardService -Starting service [Tomcat] 
25-12-09 20:42:39 [main] INFO  o.a.catalina.core.StandardEngine -Starting Servlet engine: [Apache Tomcat/10.1.44] 
25-12-09 20:42:40 [main] INFO  o.a.c.c.C.[Tomcat].[localhost].[/] -Initializing Spring embedded WebApplicationContext 
25-12-09 20:42:40 [main] INFO  o.s.b.w.s.c.ServletWebServerApplicationContext -Root WebApplicationContext: initialization completed in 5713 ms 
25-12-09 20:42:41 [main] INFO  org.mongodb.driver.client -MongoClient with metadata {"driver": {"name": "mongo-java-driver|sync|spring-boot", "version": "5.5.1"}, "os": {"type": "Windows", "name": "Windows 10", "architecture": "amd64", "version": "10.0"}, "platform": "Java/OpenLogic/21.0.8+9-adhoc.Administrator.jdk21u"} created with settings MongoClientSettings{readPreference=primary, writeConcern=WriteConcern{w=null, wTimeout=null ms, journal=null}, retryWrites=true, retryReads=true, readConcern=ReadConcern{level=null}, credential=MongoCredential{mechanism=null, userName='umair', source='admin', password=<hidden>, mechanismProperties=<hidden>}, transportSettings=null, commandListeners=[], codecRegistry=ProvidersCodecRegistry{codecProviders=[ValueCodecProvider{}, BsonValueCodecProvider{}, DBRefCodecProvider{}, DBObjectCodecProvider{}, DocumentCodecProvider{}, CollectionCodecProvider{}, IterableCodecProvider{}, MapCodecProvider{}, GeoJsonCodecProvider{}, GridFSFileCodecProvider{}, Jsr310CodecProvider{}, JsonObjectCodecProvider{}, BsonCodecProvider{}, EnumCodecProvider{}, com.mongodb.client.model.mql.ExpressionCodecProvider@74fc3fc7, com.mongodb.Jep395RecordCodecProvider@491893f8, com.mongodb.KotlinCodecProvider@1f408ab6]}, loggerSettings=LoggerSettings{maxDocumentLength=1000}, clusterSettings={hosts=[localhost:27018], srvServiceName=mongodb, mode=SINGLE, requiredClusterType=UNKNOWN, requiredReplicaSetName='null', serverSelector='null', clusterListeners='[]', serverSelectionTimeout='30000 ms', localThreshold='15 ms'}, socketSettings=SocketSettings{connectTimeoutMS=10000, readTimeoutMS=0, receiveBufferSize=0, proxySettings=ProxySettings{host=null, port=null, username=null, password=null}}, heartbeatSocketSettings=SocketSettings{connectTimeoutMS=10000, readTimeoutMS=10000, receiveBufferSize=0, proxySettings=ProxySettings{host=null, port=null, username=null, password=null}}, connectionPoolSettings=ConnectionPoolSettings{maxSize=100, minSize=0, maxWaitTimeMS=120000, maxConnectionLifeTimeMS=0, maxConnectionIdleTimeMS=0, maintenanceInitialDelayMS=0, maintenanceFrequencyMS=60000, connectionPoolListeners=[], maxConnecting=2}, serverSettings=ServerSettings{heartbeatFrequencyMS=10000, minHeartbeatFrequencyMS=500, serverMonitoringMode=AUTO, serverListeners='[]', serverMonitorListeners='[]'}, sslSettings=SslSettings{enabled=false, invalidHostNameAllowed=false, context=null}, applicationName='null', compressorList=[], uuidRepresentation=JAVA_LEGACY, serverApi=null, autoEncryptionSettings=null, dnsClient=null, inetAddressResolver=null, contextProvider=null, timeoutMS=null} 
25-12-09 20:42:41 [cluster-ClusterId{value='69383c681dab7a1e3c6bd330', description='null'}-localhost:27018] INFO  org.mongodb.driver.cluster -Monitor thread successfully connected to server with description ServerDescription{address=localhost:27018, type=STANDALONE, cryptd=false, state=CONNECTED, ok=true, minWireVersion=0, maxWireVersion=25, maxDocumentSize=16777216, logicalSessionTimeoutMinutes=30, roundTripTimeNanos=395262000, minRoundTripTimeNanos=0} 
25-12-09 20:42:43 [main] INFO  o.s.c.n.e.c.DiscoveryClientOptionalArgsConfiguration -Eureka HTTP Client uses RestTemplate. 
25-12-09 20:42:43 [main] WARN  o.s.c.l.c.LoadBalancerCacheAutoConfiguration$LoadBalancerCaffeineWarnLogger -Spring Cloud LoadBalancer is currently working with the default cache. While this cache implementation is useful for development and tests, it's recommended to use Caffeine cache in production.You can switch to using Caffeine cache, by adding it and org.springframework.cache.caffeine.CaffeineCacheManager to the classpath. 
25-12-09 20:42:44 [main] INFO  o.s.c.n.eureka.InstanceInfoFactory -Setting initial instance status as: STARTING 
25-12-09 20:42:44 [main] INFO  c.netflix.discovery.DiscoveryClient -Initializing Eureka in region us-east-1 
25-12-09 20:42:44 [main] INFO  c.n.d.s.r.aws.ConfigClusterResolver -Resolving eureka endpoints via configuration 
25-12-09 20:42:44 [main] INFO  c.netflix.discovery.DiscoveryClient -Disable delta property : false 
25-12-09 20:42:44 [main] INFO  c.netflix.discovery.DiscoveryClient -Single vip registry refresh property : null 
25-12-09 20:42:44 [main] INFO  c.netflix.discovery.DiscoveryClient -Force full registry fetch : false 
25-12-09 20:42:44 [main] INFO  c.netflix.discovery.DiscoveryClient -Application is null : false 
25-12-09 20:42:44 [main] INFO  c.netflix.discovery.DiscoveryClient -Registered Applications size is zero : true 
25-12-09 20:42:44 [main] INFO  c.netflix.discovery.DiscoveryClient -Application version is -1: true 
25-12-09 20:42:44 [main] INFO  c.netflix.discovery.DiscoveryClient -Getting all instance registry info from the eureka server 
25-12-09 20:42:45 [main] INFO  c.netflix.discovery.DiscoveryClient -The response status is 200 
25-12-09 20:42:45 [main] INFO  c.netflix.discovery.DiscoveryClient -Starting heartbeat executor: renew interval is: 30 
25-12-09 20:42:45 [main] INFO  c.n.discovery.InstanceInfoReplicator -InstanceInfoReplicator onDemand update allowed rate per min is 4 
25-12-09 20:42:45 [main] INFO  c.netflix.discovery.DiscoveryClient -Discovery Client initialized at timestamp 1765293165609 with initial instances count: 0 
25-12-09 20:42:45 [main] INFO  o.s.c.n.e.s.EurekaServiceRegistry -Registering application CUSTOMER-SERVICE with eureka with status UP 
25-12-09 20:42:45 [main] INFO  c.netflix.discovery.DiscoveryClient -Saw local status change event StatusChangeEvent [timestamp=1765293165621, current=UP, previous=STARTING] 
25-12-09 20:42:45 [main] INFO  o.a.coyote.http11.Http11NioProtocol -Starting ProtocolHandler ["http-nio-8090"] 
25-12-09 20:42:45 [DiscoveryClient-InstanceInfoReplicator-%d] INFO  c.netflix.discovery.DiscoveryClient -DiscoveryClient_CUSTOMER-SERVICE/DESKTOP-T4701JJ.mshome.net:customer-service:8090: registering service... 
25-12-09 20:42:45 [main] INFO  o.s.b.w.e.tomcat.TomcatWebServer -Tomcat started on port 8090 (http) with context path '/' 
25-12-09 20:42:45 [main] INFO  o.s.c.n.e.s.EurekaAutoServiceRegistration -Updating port to 8090 
25-12-09 20:42:45 [main] INFO  c.i.customer.CustomerApplication -Started CustomerApplication in 16.587 seconds (process running for 19.876) 
25-12-09 20:42:45 [DiscoveryClient-InstanceInfoReplicator-%d] INFO  c.netflix.discovery.DiscoveryClient -DiscoveryClient_CUSTOMER-SERVICE/DESKTOP-T4701JJ.mshome.net:customer-service:8090 - registration status: 204 
